*** Using Compiler 'V5.06 update 7 (build 960)', folder: 'C:\Keil_v5\ARM\ARMCC\Bin'
Build target 'FreeRTOS'
compiling oled.c...
compiling key.c...
compiling encoder.c...
compiling LED.C...
compiling adc.c...
compiling main.c...
compiling can.c...
compiling motor.c...
compiling usartx.c...
compiling timer.c...
compiling pstwo.c...
compiling robot_select_init.c...
compiling system.c...
compiling AutoRecharge.c...
compiling show.c...
compiling HubDriver.c...
compiling stmflash.c...
compiling I2C.c...
compiling HubDriverCan.c...
compiling MPU6050.c...
compiling balance.c...
linking...
Program Size: Code=46400 RO-data=6396 RW-data=728 ZI-data=24296  
FromELF: creating hex file...
"..\OBJ\WHEELTEC.axf" - 0 Error(s), 0 Warning(s).
Build Time Elapsed:  00:00:04
